

Started GET "/" for 127.0.0.1 at 2014-09-19 22:12:28 -0400
Processing by Rails::WelcomeController#index as HTML
  Rendered /home/brant/.rvm/gems/ruby-2.1.1/gems/railties-4.1.4/lib/rails/templates/rails/welcome/index.html.erb (1.2ms)
Completed 200 OK in 13ms (Views: 5.9ms | ActiveRecord: 0.0ms)


Started GET "/" for 127.0.0.1 at 2014-09-19 22:27:55 -0400
Processing by Rails::WelcomeController#index as HTML
  Rendered /home/brant/.rvm/gems/ruby-2.1.1/gems/railties-4.1.4/lib/rails/templates/rails/welcome/index.html.erb (1.3ms)
Completed 200 OK in 12ms (Views: 4.8ms | ActiveRecord: 0.0ms)


Started GET "/" for 127.0.0.1 at 2014-09-19 22:43:26 -0400

ActionController::RoutingError (uninitialized constant QuizesController):
  activesupport (4.1.4) lib/active_support/inflector/methods.rb:238:in `const_get'
  activesupport (4.1.4) lib/active_support/inflector/methods.rb:238:in `block in constantize'
  activesupport (4.1.4) lib/active_support/inflector/methods.rb:236:in `each'
  activesupport (4.1.4) lib/active_support/inflector/methods.rb:236:in `inject'
  activesupport (4.1.4) lib/active_support/inflector/methods.rb:236:in `constantize'
  actionpack (4.1.4) lib/action_dispatch/routing/route_set.rb:78:in `controller_reference'
  actionpack (4.1.4) lib/action_dispatch/routing/route_set.rb:68:in `controller'
  actionpack (4.1.4) lib/action_dispatch/routing/route_set.rb:46:in `call'
  actionpack (4.1.4) lib/action_dispatch/journey/router.rb:71:in `block in call'
  actionpack (4.1.4) lib/action_dispatch/journey/router.rb:59:in `each'
  actionpack (4.1.4) lib/action_dispatch/journey/router.rb:59:in `call'
  actionpack (4.1.4) lib/action_dispatch/routing/route_set.rb:678:in `call'
  rack (1.5.2) lib/rack/etag.rb:23:in `call'
  rack (1.5.2) lib/rack/conditionalget.rb:25:in `call'
  rack (1.5.2) lib/rack/head.rb:11:in `call'
  actionpack (4.1.4) lib/action_dispatch/middleware/params_parser.rb:27:in `call'
  actionpack (4.1.4) lib/action_dispatch/middleware/flash.rb:254:in `call'
  rack (1.5.2) lib/rack/session/abstract/id.rb:225:in `context'
  rack (1.5.2) lib/rack/session/abstract/id.rb:220:in `call'
  actionpack (4.1.4) lib/action_dispatch/middleware/cookies.rb:560:in `call'
  activerecord (4.1.4) lib/active_record/query_cache.rb:36:in `call'
  activerecord (4.1.4) lib/active_record/connection_adapters/abstract/connection_pool.rb:621:in `call'
  activerecord (4.1.4) lib/active_record/migration.rb:380:in `call'
  actionpack (4.1.4) lib/action_dispatch/middleware/callbacks.rb:29:in `block in call'
  activesupport (4.1.4) lib/active_support/callbacks.rb:82:in `run_callbacks'
  actionpack (4.1.4) lib/action_dispatch/middleware/callbacks.rb:27:in `call'
  actionpack (4.1.4) lib/action_dispatch/middleware/reloader.rb:73:in `call'
  actionpack (4.1.4) lib/action_dispatch/middleware/remote_ip.rb:76:in `call'
  actionpack (4.1.4) lib/action_dispatch/middleware/debug_exceptions.rb:17:in `call'
  actionpack (4.1.4) lib/action_dispatch/middleware/show_exceptions.rb:30:in `call'
  railties (4.1.4) lib/rails/rack/logger.rb:38:in `call_app'
  railties (4.1.4) lib/rails/rack/logger.rb:20:in `block in call'
  activesupport (4.1.4) lib/active_support/tagged_logging.rb:68:in `block in tagged'
  activesupport (4.1.4) lib/active_support/tagged_logging.rb:26:in `tagged'
  activesupport (4.1.4) lib/active_support/tagged_logging.rb:68:in `tagged'
  railties (4.1.4) lib/rails/rack/logger.rb:20:in `call'
  actionpack (4.1.4) lib/action_dispatch/middleware/request_id.rb:21:in `call'
  rack (1.5.2) lib/rack/methodoverride.rb:21:in `call'
  rack (1.5.2) lib/rack/runtime.rb:17:in `call'
  activesupport (4.1.4) lib/active_support/cache/strategy/local_cache_middleware.rb:26:in `call'
  rack (1.5.2) lib/rack/lock.rb:17:in `call'
  actionpack (4.1.4) lib/action_dispatch/middleware/static.rb:64:in `call'
  rack (1.5.2) lib/rack/sendfile.rb:112:in `call'
  railties (4.1.4) lib/rails/engine.rb:514:in `call'
  railties (4.1.4) lib/rails/application.rb:144:in `call'
  rack (1.5.2) lib/rack/content_length.rb:14:in `call'
  puma (2.9.0) lib/puma/server.rb:490:in `handle_request'
  puma (2.9.0) lib/puma/server.rb:361:in `process_client'
  puma (2.9.0) lib/puma/server.rb:254:in `block in run'
  puma (2.9.0) lib/puma/thread_pool.rb:92:in `call'
  puma (2.9.0) lib/puma/thread_pool.rb:92:in `block in spawn_thread'


  Rendered /home/brant/.rvm/gems/ruby-2.1.1/gems/actionpack-4.1.4/lib/action_dispatch/middleware/templates/rescues/_trace.html.erb (1.0ms)
  Rendered /home/brant/.rvm/gems/ruby-2.1.1/gems/actionpack-4.1.4/lib/action_dispatch/middleware/templates/routes/_route.html.erb (0.8ms)
  Rendered /home/brant/.rvm/gems/ruby-2.1.1/gems/actionpack-4.1.4/lib/action_dispatch/middleware/templates/routes/_table.html.erb (5.5ms)
  Rendered /home/brant/.rvm/gems/ruby-2.1.1/gems/actionpack-4.1.4/lib/action_dispatch/middleware/templates/rescues/routing_error.html.erb within rescues/layout (22.2ms)


Started GET "/" for 127.0.0.1 at 2014-09-19 22:44:50 -0400
Processing by QuizzesController#index as HTML
  Rendered quizzes/index.html.erb within layouts/application (1.1ms)
Completed 200 OK in 967ms (Views: 959.6ms | ActiveRecord: 0.0ms)


Started GET "/assets/quizzes.css?body=1" for 127.0.0.1 at 2014-09-19 22:44:51 -0400


Started GET "/assets/quizzes.js?body=1" for 127.0.0.1 at 2014-09-19 22:44:51 -0400


Started GET "/assets/application.css?body=1" for 127.0.0.1 at 2014-09-19 22:44:51 -0400


Started GET "/assets/turbolinks.js?body=1" for 127.0.0.1 at 2014-09-19 22:44:51 -0400


Started GET "/assets/jquery.js?body=1" for 127.0.0.1 at 2014-09-19 22:44:51 -0400


Started GET "/assets/jquery_ujs.js?body=1" for 127.0.0.1 at 2014-09-19 22:44:51 -0400


Started GET "/assets/application.js?body=1" for 127.0.0.1 at 2014-09-19 22:44:51 -0400


Started GET "/quizzes" for 127.0.0.1 at 2014-09-19 22:45:05 -0400
Processing by QuizzesController#index as HTML
  Rendered quizzes/index.html.erb within layouts/application (0.1ms)
Completed 200 OK in 41ms (Views: 39.9ms | ActiveRecord: 0.0ms)


Started GET "/assets/quizzes.css?body=1" for 127.0.0.1 at 2014-09-19 22:45:05 -0400


Started GET "/assets/quizzes.js?body=1" for 127.0.0.1 at 2014-09-19 22:45:05 -0400


Started GET "/quizzes/new" for 127.0.0.1 at 2014-09-19 22:45:08 -0400
Processing by QuizzesController#new as HTML
  Rendered quizzes/new.html.erb within layouts/application (0.4ms)
Completed 200 OK in 57ms (Views: 56.4ms | ActiveRecord: 0.0ms)


Started GET "/assets/quizzes.css?body=1" for 127.0.0.1 at 2014-09-19 22:45:09 -0400


Started GET "/assets/quizzes.js?body=1" for 127.0.0.1 at 2014-09-19 22:45:09 -0400


Started GET "/quizzes/1" for 127.0.0.1 at 2014-09-19 22:45:15 -0400
Processing by QuizzesController#show as HTML
  Parameters: {"id"=>"1"}
  Rendered quizzes/show.html.erb within layouts/application (0.3ms)
Completed 200 OK in 34ms (Views: 33.7ms | ActiveRecord: 0.0ms)


Started GET "/assets/quizzes.js?body=1" for 127.0.0.1 at 2014-09-19 22:45:15 -0400


Started GET "/assets/quizzes.css?body=1" for 127.0.0.1 at 2014-09-19 22:45:15 -0400


Started GET "/" for 127.0.0.1 at 2014-09-19 22:45:19 -0400
Processing by QuizzesController#index as HTML
  Rendered quizzes/index.html.erb within layouts/application (0.1ms)
Completed 200 OK in 42ms (Views: 41.1ms | ActiveRecord: 0.0ms)


Started GET "/assets/quizzes.css?body=1" for 127.0.0.1 at 2014-09-19 22:45:19 -0400


Started GET "/assets/quizzes.js?body=1" for 127.0.0.1 at 2014-09-19 22:45:19 -0400
